This is pdfTeX, Version 3.1415926-1.40.10 (TeX Live 2009/Debian) (format=pdflatex 2015.6.15)  13 JUL 2015 18:39
entering extended mode
 \write18 enabled.
 %&-line parsing enabled.
**irregular_offset.tex
(./irregular_offset.tex
LaTeX2e <2009/09/24>
Babel <v3.8l> and hyphenation patterns for english, usenglishmax, dumylang, noh
yphenation, farsi, arabic, croatian, bulgarian, ukrainian, russian, czech, slov
ak, danish, dutch, finnish, french, basque, ngerman, german, german-x-2009-06-1
9, ngerman-x-2009-06-19, ibycus, monogreek, greek, ancientgreek, hungarian, san
skrit, italian, latin, latvian, lithuanian, mongolian2a, mongolian, bokmal, nyn
orsk, romanian, irish, coptic, serbian, turkish, welsh, esperanto, uppersorbian
, estonian, indonesian, interlingua, icelandic, kurmanji, slovenian, polish, po
rtuguese, spanish, galician, catalan, swedish, ukenglish, pinyin, loaded.
(/usr/share/texmf-texlive/tex/latex/base/report.cls
Document Class: report 2007/10/19 v1.4h Standard LaTeX document class
(/usr/share/texmf-texlive/tex/latex/base/size11.clo
File: size11.clo 2007/10/19 v1.4h Standard LaTeX file (size option)
)
\c@part=\count79
\c@chapter=\count80
\c@section=\count81
\c@subsection=\count82
\c@subsubsection=\count83
\c@paragraph=\count84
\c@subparagraph=\count85
\c@figure=\count86
\c@table=\count87
\abovecaptionskip=\skip41
\belowcaptionskip=\skip42
\bibindent=\dimen102
)
(/usr/share/texmf-texlive/tex/latex/base/inputenc.sty
Package: inputenc 2008/03/30 v1.1d Input encoding file
\inpenc@prehook=\toks14
\inpenc@posthook=\toks15

(/usr/share/texmf-texlive/tex/latex/base/utf8.def
File: utf8.def 2008/04/05 v1.1m UTF-8 support for inputenc
Now handling font encoding OML ...
... no UTF-8 mapping file for font encoding OML
Now handling font encoding T1 ...
... processing UTF-8 mapping file for font encoding T1

(/usr/share/texmf-texlive/tex/latex/base/t1enc.dfu
File: t1enc.dfu 2008/04/05 v1.1m UTF-8 support for inputenc
   defining Unicode char U+00A1 (decimal 161)
   defining Unicode char U+00A3 (decimal 163)
   defining Unicode char U+00AB (decimal 171)
   defining Unicode char U+00BB (decimal 187)
   defining Unicode char U+00BF (decimal 191)
   defining Unicode char U+00C0 (decimal 192)
   defining Unicode char U+00C1 (decimal 193)
   defining Unicode char U+00C2 (decimal 194)
   defining Unicode char U+00C3 (decimal 195)
   defining Unicode char U+00C4 (decimal 196)
   defining Unicode char U+00C5 (decimal 197)
   defining Unicode char U+00C6 (decimal 198)
   defining Unicode char U+00C7 (decimal 199)
   defining Unicode char U+00C8 (decimal 200)
   defining Unicode char U+00C9 (decimal 201)
   defining Unicode char U+00CA (decimal 202)
   defining Unicode char U+00CB (decimal 203)
   defining Unicode char U+00CC (decimal 204)
   defining Unicode char U+00CD (decimal 205)
   defining Unicode char U+00CE (decimal 206)
   defining Unicode char U+00CF (decimal 207)
   defining Unicode char U+00D0 (decimal 208)
   defining Unicode char U+00D1 (decimal 209)
   defining Unicode char U+00D2 (decimal 210)
   defining Unicode char U+00D3 (decimal 211)
   defining Unicode char U+00D4 (decimal 212)
   defining Unicode char U+00D5 (decimal 213)
   defining Unicode char U+00D6 (decimal 214)
   defining Unicode char U+00D8 (decimal 216)
   defining Unicode char U+00D9 (decimal 217)
   defining Unicode char U+00DA (decimal 218)
   defining Unicode char U+00DB (decimal 219)
   defining Unicode char U+00DC (decimal 220)
   defining Unicode char U+00DD (decimal 221)
   defining Unicode char U+00DE (decimal 222)
   defining Unicode char U+00DF (decimal 223)
   defining Unicode char U+00E0 (decimal 224)
   defining Unicode char U+00E1 (decimal 225)
   defining Unicode char U+00E2 (decimal 226)
   defining Unicode char U+00E3 (decimal 227)
   defining Unicode char U+00E4 (decimal 228)
   defining Unicode char U+00E5 (decimal 229)
   defining Unicode char U+00E6 (decimal 230)
   defining Unicode char U+00E7 (decimal 231)
   defining Unicode char U+00E8 (decimal 232)
   defining Unicode char U+00E9 (decimal 233)
   defining Unicode char U+00EA (decimal 234)
   defining Unicode char U+00EB (decimal 235)
   defining Unicode char U+00EC (decimal 236)
   defining Unicode char U+00ED (decimal 237)
   defining Unicode char U+00EE (decimal 238)
   defining Unicode char U+00EF (decimal 239)
   defining Unicode char U+00F0 (decimal 240)
   defining Unicode char U+00F1 (decimal 241)
   defining Unicode char U+00F2 (decimal 242)
   defining Unicode char U+00F3 (decimal 243)
   defining Unicode char U+00F4 (decimal 244)
   defining Unicode char U+00F5 (decimal 245)
   defining Unicode char U+00F6 (decimal 246)
   defining Unicode char U+00F8 (decimal 248)
   defining Unicode char U+00F9 (decimal 249)
   defining Unicode char U+00FA (decimal 250)
   defining Unicode char U+00FB (decimal 251)
   defining Unicode char U+00FC (decimal 252)
   defining Unicode char U+00FD (decimal 253)
   defining Unicode char U+00FE (decimal 254)
   defining Unicode char U+00FF (decimal 255)
   defining Unicode char U+0102 (decimal 258)
   defining Unicode char U+0103 (decimal 259)
   defining Unicode char U+0104 (decimal 260)
   defining Unicode char U+0105 (decimal 261)
   defining Unicode char U+0106 (decimal 262)
   defining Unicode char U+0107 (decimal 263)
   defining Unicode char U+010C (decimal 268)
   defining Unicode char U+010D (decimal 269)
   defining Unicode char U+010E (decimal 270)
   defining Unicode char U+010F (decimal 271)
   defining Unicode char U+0110 (decimal 272)
   defining Unicode char U+0111 (decimal 273)
   defining Unicode char U+0118 (decimal 280)
   defining Unicode char U+0119 (decimal 281)
   defining Unicode char U+011A (decimal 282)
   defining Unicode char U+011B (decimal 283)
   defining Unicode char U+011E (decimal 286)
   defining Unicode char U+011F (decimal 287)
   defining Unicode char U+0130 (decimal 304)
   defining Unicode char U+0131 (decimal 305)
   defining Unicode char U+0132 (decimal 306)
   defining Unicode char U+0133 (decimal 307)
   defining Unicode char U+0139 (decimal 313)
   defining Unicode char U+013A (decimal 314)
   defining Unicode char U+013D (decimal 317)
   defining Unicode char U+013E (decimal 318)
   defining Unicode char U+0141 (decimal 321)
   defining Unicode char U+0142 (decimal 322)
   defining Unicode char U+0143 (decimal 323)
   defining Unicode char U+0144 (decimal 324)
   defining Unicode char U+0147 (decimal 327)
   defining Unicode char U+0148 (decimal 328)
   defining Unicode char U+014A (decimal 330)
   defining Unicode char U+014B (decimal 331)
   defining Unicode char U+0150 (decimal 336)
   defining Unicode char U+0151 (decimal 337)
   defining Unicode char U+0152 (decimal 338)
   defining Unicode char U+0153 (decimal 339)
   defining Unicode char U+0154 (decimal 340)
   defining Unicode char U+0155 (decimal 341)
   defining Unicode char U+0158 (decimal 344)
   defining Unicode char U+0159 (decimal 345)
   defining Unicode char U+015A (decimal 346)
   defining Unicode char U+015B (decimal 347)
   defining Unicode char U+015E (decimal 350)
   defining Unicode char U+015F (decimal 351)
   defining Unicode char U+0160 (decimal 352)
   defining Unicode char U+0161 (decimal 353)
   defining Unicode char U+0162 (decimal 354)
   defining Unicode char U+0163 (decimal 355)
   defining Unicode char U+0164 (decimal 356)
   defining Unicode char U+0165 (decimal 357)
   defining Unicode char U+016E (decimal 366)
   defining Unicode char U+016F (decimal 367)
   defining Unicode char U+0170 (decimal 368)
   defining Unicode char U+0171 (decimal 369)
   defining Unicode char U+0178 (decimal 376)
   defining Unicode char U+0179 (decimal 377)
   defining Unicode char U+017A (decimal 378)
   defining Unicode char U+017B (decimal 379)
   defining Unicode char U+017C (decimal 380)
   defining Unicode char U+017D (decimal 381)
   defining Unicode char U+017E (decimal 382)
   defining Unicode char U+200C (decimal 8204)
   defining Unicode char U+2013 (decimal 8211)
   defining Unicode char U+2014 (decimal 8212)
   defining Unicode char U+2018 (decimal 8216)
   defining Unicode char U+2019 (decimal 8217)
   defining Unicode char U+201A (decimal 8218)
   defining Unicode char U+201C (decimal 8220)
   defining Unicode char U+201D (decimal 8221)
   defining Unicode char U+201E (decimal 8222)
   defining Unicode char U+2030 (decimal 8240)
   defining Unicode char U+2031 (decimal 8241)
   defining Unicode char U+2039 (decimal 8249)
   defining Unicode char U+203A (decimal 8250)
   defining Unicode char U+2423 (decimal 9251)
)
Now handling font encoding OT1 ...
... processing UTF-8 mapping file for font encoding OT1

(/usr/share/texmf-texlive/tex/latex/base/ot1enc.dfu
File: ot1enc.dfu 2008/04/05 v1.1m UTF-8 support for inputenc
   defining Unicode char U+00A1 (decimal 161)
   defining Unicode char U+00A3 (decimal 163)
   defining Unicode char U+00B8 (decimal 184)
   defining Unicode char U+00BF (decimal 191)
   defining Unicode char U+00C5 (decimal 197)
   defining Unicode char U+00C6 (decimal 198)
   defining Unicode char U+00D8 (decimal 216)
   defining Unicode char U+00DF (decimal 223)
   defining Unicode char U+00E6 (decimal 230)
   defining Unicode char U+00EC (decimal 236)
   defining Unicode char U+00ED (decimal 237)
   defining Unicode char U+00EE (decimal 238)
   defining Unicode char U+00EF (decimal 239)
   defining Unicode char U+00F8 (decimal 248)
   defining Unicode char U+0131 (decimal 305)
   defining Unicode char U+0141 (decimal 321)
   defining Unicode char U+0142 (decimal 322)
   defining Unicode char U+0152 (decimal 338)
   defining Unicode char U+0153 (decimal 339)
   defining Unicode char U+2013 (decimal 8211)
   defining Unicode char U+2014 (decimal 8212)
   defining Unicode char U+2018 (decimal 8216)
   defining Unicode char U+2019 (decimal 8217)
   defining Unicode char U+201C (decimal 8220)
   defining Unicode char U+201D (decimal 8221)
)
Now handling font encoding OMS ...
... processing UTF-8 mapping file for font encoding OMS

(/usr/share/texmf-texlive/tex/latex/base/omsenc.dfu
File: omsenc.dfu 2008/04/05 v1.1m UTF-8 support for inputenc
   defining Unicode char U+00A7 (decimal 167)
   defining Unicode char U+00B6 (decimal 182)
   defining Unicode char U+00B7 (decimal 183)
   defining Unicode char U+2020 (decimal 8224)
   defining Unicode char U+2021 (decimal 8225)
   defining Unicode char U+2022 (decimal 8226)
)
Now handling font encoding OMX ...
... no UTF-8 mapping file for font encoding OMX
Now handling font encoding U ...
... no UTF-8 mapping file for font encoding U
   defining Unicode char U+00A9 (decimal 169)
   defining Unicode char U+00AA (decimal 170)
   defining Unicode char U+00AE (decimal 174)
   defining Unicode char U+00BA (decimal 186)
   defining Unicode char U+02C6 (decimal 710)
   defining Unicode char U+02DC (decimal 732)
   defining Unicode char U+200C (decimal 8204)
   defining Unicode char U+2026 (decimal 8230)
   defining Unicode char U+2122 (decimal 8482)
   defining Unicode char U+2423 (decimal 9251)
))
(/var/lib/texmf/tex/generic/babel/babel.sty
Package: babel 2008/07/06 v3.8l The Babel package

(/usr/share/texmf-texlive/tex/generic/babel/portuges.ldf
Language: portuges 2008/03/18 v1.2q Portuguese support from the babel system

(/usr/share/texmf-texlive/tex/generic/babel/babel.def
File: babel.def 2008/07/06 v3.8l Babel common definitions
\babel@savecnt=\count88
\U@D=\dimen103
)
Package babel Info: Making " an active character on input line 145.
))
(/usr/share/texmf-texlive/tex/latex/base/fontenc.sty
Package: fontenc 2005/09/27 v1.99g Standard LaTeX package

(/usr/share/texmf-texlive/tex/latex/base/t1enc.def
File: t1enc.def 2005/09/27 v1.99g Standard LaTeX file
LaTeX Font Info:    Redeclaring font encoding T1 on input line 43.
))
(/usr/share/texmf-texlive/tex/latex/amsmath/amsmath.sty
Package: amsmath 2000/07/18 v2.13 AMS math features
\@mathmargin=\skip43

For additional information on amsmath, use the `?' option.
(/usr/share/texmf-texlive/tex/latex/amsmath/amstext.sty
Package: amstext 2000/06/29 v2.01

(/usr/share/texmf-texlive/tex/latex/amsmath/amsgen.sty
File: amsgen.sty 1999/11/30 v2.0
\@emptytoks=\toks16
\ex@=\dimen104
))
(/usr/share/texmf-texlive/tex/latex/amsmath/amsbsy.sty
Package: amsbsy 1999/11/29 v1.2d
\pmbraise@=\dimen105
)
(/usr/share/texmf-texlive/tex/latex/amsmath/amsopn.sty
Package: amsopn 1999/12/14 v2.01 operator names
)
\inf@bad=\count89
LaTeX Info: Redefining \frac on input line 211.
\uproot@=\count90
\leftroot@=\count91
LaTeX Info: Redefining \overline on input line 307.
\classnum@=\count92
\DOTSCASE@=\count93
LaTeX Info: Redefining \ldots on input line 379.
LaTeX Info: Redefining \dots on input line 382.
LaTeX Info: Redefining \cdots on input line 467.
\Mathstrutbox@=\box26
\strutbox@=\box27
\big@size=\dimen106
LaTeX Font Info:    Redeclaring font encoding OML on input line 567.
LaTeX Font Info:    Redeclaring font encoding OMS on input line 568.
\macc@depth=\count94
\c@MaxMatrixCols=\count95
\dotsspace@=\muskip10
\c@parentequation=\count96
\dspbrk@lvl=\count97
\tag@help=\toks17
\row@=\count98
\column@=\count99
\maxfields@=\count100
\andhelp@=\toks18
\eqnshift@=\dimen107
\alignsep@=\dimen108
\tagshift@=\dimen109
\tagwidth@=\dimen110
\totwidth@=\dimen111
\lineht@=\dimen112
\@envbody=\toks19
\multlinegap=\skip44
\multlinetaggap=\skip45
\mathdisplay@stack=\toks20
LaTeX Info: Redefining \[ on input line 2666.
LaTeX Info: Redefining \] on input line 2667.
)
(/usr/share/texmf-texlive/tex/latex/amsfonts/amsfonts.sty
Package: amsfonts 2009/06/22 v3.00 Basic AMSFonts support
\symAMSa=\mathgroup4
\symAMSb=\mathgroup5
LaTeX Font Info:    Overwriting math alphabet `\mathfrak' in version `bold'
(Font)                  U/euf/m/n --> U/euf/b/n on input line 96.
)
(/usr/share/texmf-texlive/tex/latex/amsfonts/amssymb.sty
Package: amssymb 2009/06/22 v3.00
)
(/usr/share/texmf-texlive/tex/latex/graphics/graphicx.sty
Package: graphicx 1999/02/16 v1.0f Enhanced LaTeX Graphics (DPC,SPQR)

(/usr/share/texmf-texlive/tex/latex/graphics/keyval.sty
Package: keyval 1999/03/16 v1.13 key=value parser (DPC)
\KV@toks@=\toks21
)
(/usr/share/texmf-texlive/tex/latex/graphics/graphics.sty
Package: graphics 2009/02/05 v1.0o Standard LaTeX Graphics (DPC,SPQR)

(/usr/share/texmf-texlive/tex/latex/graphics/trig.sty
Package: trig 1999/03/16 v1.09 sin cos tan (DPC)
)
(/etc/texmf/tex/latex/config/graphics.cfg
File: graphics.cfg 2009/08/28 v1.8 graphics configuration of TeX Live
)
Package graphics Info: Driver file: pdftex.def on input line 91.

(/usr/share/texmf-texlive/tex/latex/pdftex-def/pdftex.def
File: pdftex.def 2010/03/12 v0.04p Graphics/color for pdfTeX
\Gread@gobject=\count101
))
\Gin@req@height=\dimen113
\Gin@req@width=\dimen114
)
(./irregular_offset.aux

LaTeX Warning: Label `Tab: Sinope-RA' multiply defined.

)
\openout1 = `irregular_offset.aux'.

LaTeX Font Info:    Checking defaults for OML/cmm/m/it on input line 14.
LaTeX Font Info:    ... okay on input line 14.
LaTeX Font Info:    Checking defaults for T1/cmr/m/n on input line 14.
LaTeX Font Info:    ... okay on input line 14.
LaTeX Font Info:    Checking defaults for OT1/cmr/m/n on input line 14.
LaTeX Font Info:    ... okay on input line 14.
LaTeX Font Info:    Checking defaults for OMS/cmsy/m/n on input line 14.
LaTeX Font Info:    ... okay on input line 14.
LaTeX Font Info:    Checking defaults for OMX/cmex/m/n on input line 14.
LaTeX Font Info:    ... okay on input line 14.
LaTeX Font Info:    Checking defaults for U/cmr/m/n on input line 14.
LaTeX Font Info:    ... okay on input line 14.
 (/usr/share/texmf-texlive/tex/context/base/supp-pdf.mkii
[Loading MPS to PDF converter (version 2006.09.02).]
\scratchcounter=\count102
\scratchdimen=\dimen115
\scratchbox=\box28
\nofMPsegments=\count103
\nofMParguments=\count104
\everyMPshowfont=\toks22
\MPscratchCnt=\count105
\MPscratchDim=\dimen116
\MPnumerator=\count106
\everyMPtoPDFconversion=\toks23
)
LaTeX Font Info:    Try loading font information for U+msa on input line 15.
 (/usr/share/texmf-texlive/tex/latex/amsfonts/umsa.fd
File: umsa.fd 2009/06/22 v3.00 AMS symbols A
)
LaTeX Font Info:    Try loading font information for U+msb on input line 15.

(/usr/share/texmf-texlive/tex/latex/amsfonts/umsb.fd
File: umsb.fd 2009/06/22 v3.00 AMS symbols B
) [1

{/var/lib/texmf/fonts/map/pdftex/updmap/pdftex.map}]
Overfull \hbox (28.93993pt too wide) detected at line 31
\OML/cmm/m/it/10.95 F\OT1/cmr/m/n/10.95 (\OML/cmm/m/it/10.95 t; f\OT1/cmr/m/n/1
0.95 ) = \OML/cmm/m/it/10.95 p\OT1/cmr/m/n/10.95 [0] \OMS/cmsy/m/n/10.95 ^^B []
 [] \OT1/cmr/m/n/10.95 + \OML/cmm/m/it/10.95 p\OT1/cmr/m/n/10.95 [3] \OMS/cmsy/
m/n/10.95 ^^B []\OT1/cmr/m/n/10.95 (\OML/cmm/m/it/10.95 f\OT1/cmr/m/n/10.95 ) +
 \OML/cmm/m/it/10.95 p\OT1/cmr/m/n/10.95 [4] \OMS/cmsy/m/n/10.95 ^^B []\OT1/cmr
/m/n/10.95 (\OML/cmm/m/it/10.95 f\OT1/cmr/m/n/10.95 ) + \OML/cmm/m/it/10.95 p\O
T1/cmr/m/n/10.95 [5]\OML/cmm/m/it/10.95 ;
 []


Overfull \hbox (30.15659pt too wide) detected at line 36
\OML/cmm/m/it/10.95 F\OT1/cmr/m/n/10.95 (\OML/cmm/m/it/10.95 t; f\OT1/cmr/m/n/1
0.95 ) = \OML/cmm/m/it/10.95 p\OT1/cmr/m/n/10.95 [0] \OMS/cmsy/m/n/10.95 ^^B []
 [] \OT1/cmr/m/n/10.95 + \OML/cmm/m/it/10.95 p\OT1/cmr/m/n/10.95 [3] \OMS/cmsy/
m/n/10.95 ^^B []\OT1/cmr/m/n/10.95 (\OML/cmm/m/it/10.95 f\OT1/cmr/m/n/10.95 ) +
 \OML/cmm/m/it/10.95 p\OT1/cmr/m/n/10.95 [4] \OMS/cmsy/m/n/10.95 ^^B []\OT1/cmr
/m/n/10.95 (\OML/cmm/m/it/10.95 f\OT1/cmr/m/n/10.95 ) + \OML/cmm/m/it/10.95 p\O
T1/cmr/m/n/10.95 [5]\OML/cmm/m/it/10.95 ;
 []

[1

]
Overfull \hbox (118.23875pt too wide) in paragraph at lines 63--78
 [][] 
 []

[2] [3]
Underfull \hbox (badness 10000) in paragraph at lines 99--100

 []

<Sinope/RA.png, id=25, 948.9051pt x 413.3844pt>
File: Sinope/RA.png Graphic file (type png)
 <use Sinope/RA.png>
Overfull \hbox (67.00336pt too wide) in paragraph at lines 103--104
[][] 
 []

<Sinope/RA_anom.png, id=27, 959.7456pt x 413.3844pt>
File: Sinope/RA_anom.png Graphic file (type png)
 <use Sinope/RA_anom.png>
Overfull \hbox (71.88153pt too wide) in paragraph at lines 108--109
[][] 
 []


LaTeX Warning: `h' float specifier changed to `ht'.


LaTeX Warning: `!h' float specifier changed to `!ht'.

<Sinope/DEC.png, id=28, 948.9051pt x 413.3844pt>
File: Sinope/DEC.png Graphic file (type png)
 <use Sinope/DEC.png>
Overfull \hbox (67.00336pt too wide) in paragraph at lines 138--139
[][] 
 []


LaTeX Warning: `h' float specifier changed to `ht'.

<Sinope/DEC_anom.png, id=29, 959.7456pt x 413.3844pt>
File: Sinope/DEC_anom.png Graphic file (type png)

<use Sinope/DEC_anom.png>
Overfull \hbox (71.88153pt too wide) in paragraph at lines 143--144
[][] 
 []


LaTeX Warning: `h' float specifier changed to `ht'.


LaTeX Warning: `!h' float specifier changed to `!ht'.

[4

 <./Sinope/RA.png>] [5 <./Sinope/RA_anom.png>] [6 <./Sinope/DEC.png> <./Sinope/
DEC_anom.png>] <Pasiphae/RA.png, id=45, 948.9051pt x 413.3844pt>
File: Pasiphae/RA.png Graphic file (type png)

<use Pasiphae/RA.png>
Overfull \hbox (67.00336pt too wide) in paragraph at lines 176--177
[][] 
 []

<Pasiphae/RA_anom.png, id=46, 959.7456pt x 413.3844pt>
File: Pasiphae/RA_anom.png Graphic file (type png)

<use Pasiphae/RA_anom.png>
Overfull \hbox (71.88153pt too wide) in paragraph at lines 181--182
[][] 
 []


LaTeX Warning: `h' float specifier changed to `ht'.

<Pasiphae/DEC.png, id=47, 948.9051pt x 413.3844pt>
File: Pasiphae/DEC.png Graphic file (type png)
 <use Pasiphae/DEC.png>
Overfull \hbox (67.00336pt too wide) in paragraph at lines 210--211
[][] 
 []

[7

 <./Pasiphae/RA.png>]
<Pasiphae/DEC_anom.png, id=52, 959.7456pt x 413.3844pt>
File: Pasiphae/DEC_anom.png Graphic file (type png)

<use Pasiphae/DEC_anom.png>
Overfull \hbox (71.88153pt too wide) in paragraph at lines 215--216
[][] 
 []


LaTeX Warning: `h' float specifier changed to `ht'.


LaTeX Warning: `!h' float specifier changed to `!ht'.

[8 <./Pasiphae/RA_anom.png> <./Pasiphae/DEC.png>] [9 <./Pasiphae/DEC_anom.png>]
<Ananke/RA.png, id=62, 948.9051pt x 413.3844pt>
File: Ananke/RA.png Graphic file (type png)
 <use Ananke/RA.png>
Overfull \hbox (67.00336pt too wide) in paragraph at lines 250--251
[][] 
 []

<Ananke/RA_cos_sen.png, id=63, 948.9051pt x 413.3844pt>
File: Ananke/RA_cos_sen.png Graphic file (type png)

<use Ananke/RA_cos_sen.png>
Overfull \hbox (67.00336pt too wide) in paragraph at lines 255--256
[][] 
 []


LaTeX Warning: `h' float specifier changed to `ht'.

<Ananke/RA_anom.png, id=64, 959.7456pt x 413.3844pt>
File: Ananke/RA_anom.png Graphic file (type png)
 <use Ananke/RA_anom.png>
Overfull \hbox (71.88153pt too wide) in paragraph at lines 260--261
[][] 
 []


LaTeX Warning: `h' float specifier changed to `ht'.


Overfull \hbox (8.75398pt too wide) in paragraph at lines 266--281
 [][] 
 []


LaTeX Warning: `!h' float specifier changed to `!ht'.

<Ananke/DEC.png, id=65, 948.9051pt x 413.3844pt>
File: Ananke/DEC.png Graphic file (type png)
 <use Ananke/DEC.png>
Overfull \hbox (67.00336pt too wide) in paragraph at lines 290--291
[][] 
 []

[10

 <./Ananke/RA.png>]

LaTeX Warning: `h' float specifier changed to `ht'.

<Ananke/DEC_anom.png, id=70, 959.7456pt x 413.3844pt>
File: Ananke/DEC_anom.png Graphic file (type png)

<use Ananke/DEC_anom.png>
Overfull \hbox (71.88153pt too wide) in paragraph at lines 295--296
[][] 
 []


LaTeX Warning: `h' float specifier changed to `ht'.

[11 <./Ananke/RA_cos_sen.png>] [12 <./Ananke/RA_anom.png> <./Ananke/DEC.png>]
[13 <./Ananke/DEC_anom.png>] <Carme/RA.png, id=85, 948.9051pt x 413.3844pt>
File: Carme/RA.png Graphic file (type png)

<use Carme/RA.png>
Overfull \hbox (67.00336pt too wide) in paragraph at lines 328--329
[][] 
 []

<Carme/RA_anom.png, id=86, 959.7456pt x 413.3844pt>
File: Carme/RA_anom.png Graphic file (type png)
 <use Carme/RA_anom.png>
Overfull \hbox (71.88153pt too wide) in paragraph at lines 333--334
[][] 
 []


LaTeX Warning: `h' float specifier changed to `ht'.

[14

 <./Carme/RA.png>] <Carme/DEC.png, id=91, 948.9051pt x 413.3844pt>
File: Carme/DEC.png Graphic file (type png)

<use Carme/DEC.png>
Overfull \hbox (67.00336pt too wide) in paragraph at lines 362--363
[][] 
 []

<Carme/DEC_anom.png, id=92, 959.7456pt x 413.3844pt>
File: Carme/DEC_anom.png Graphic file (type png)
 <use Carme/DEC_anom.png>
Overfull \hbox (71.88153pt too wide) in paragraph at lines 367--368
[][] 
 []


LaTeX Warning: `h' float specifier changed to `ht'.


LaTeX Warning: `!h' float specifier changed to `!ht'.

[15 <./Carme/RA_anom.png> <./Carme/DEC.png>] [16 <./Carme/DEC_anom.png>]
<Elara/RA.png, id=102, 948.9051pt x 413.3844pt>
File: Elara/RA.png Graphic file (type png)
 <use Elara/RA.png>
Overfull \hbox (67.00336pt too wide) in paragraph at lines 398--399
[][] 
 []

<Elara/RA_anom.png, id=103, 959.7456pt x 413.3844pt>
File: Elara/RA_anom.png Graphic file (type png)
 <use Elara/RA_anom.png>
Overfull \hbox (71.88153pt too wide) in paragraph at lines 403--404
[][] 
 []


LaTeX Warning: `h' float specifier changed to `ht'.

<Elara/DEC.png, id=104, 948.9051pt x 413.3844pt>
File: Elara/DEC.png Graphic file (type png)
 <use Elara/DEC.png>
Overfull \hbox (67.00336pt too wide) in paragraph at lines 432--433
[][] 
 []

[17

 <./Elara/RA.png>] <Elara/DEC_anom.png, id=109, 959.7456pt x 413.3844pt>
File: Elara/DEC_anom.png Graphic file (type png)

<use Elara/DEC_anom.png>
Overfull \hbox (71.88153pt too wide) in paragraph at lines 437--438
[][] 
 []


LaTeX Warning: `h' float specifier changed to `ht'.


LaTeX Warning: `!h' float specifier changed to `!ht'.

[18 <./Elara/RA_anom.png> <./Elara/DEC.png>] [19 <./Elara/DEC_anom.png>]
<Himalia/RA.png, id=120, 948.9051pt x 413.3844pt>
File: Himalia/RA.png Graphic file (type png)
 <use Himalia/RA.png>
Overfull \hbox (67.00336pt too wide) in paragraph at lines 470--471
[][] 
 []

<Himalia/RA_anom.png, id=121, 959.7456pt x 413.3844pt>
File: Himalia/RA_anom.png Graphic file (type png)

<use Himalia/RA_anom.png>
Overfull \hbox (71.88153pt too wide) in paragraph at lines 475--476
[][] 
 []


LaTeX Warning: `h' float specifier changed to `ht'.


LaTeX Warning: `!h' float specifier changed to `!ht'.

<Himalia/DEC.png, id=122, 948.9051pt x 413.3844pt>
File: Himalia/DEC.png Graphic file (type png)
 <use Himalia/DEC.png>
Overfull \hbox (67.00336pt too wide) in paragraph at lines 504--505
[][] 
 []


LaTeX Warning: `h' float specifier changed to `ht'.

<Himalia/DEC_anom.png, id=123, 959.7456pt x 413.3844pt>
File: Himalia/DEC_anom.png Graphic file (type png)

<use Himalia/DEC_anom.png>
Overfull \hbox (71.88153pt too wide) in paragraph at lines 509--510
[][] 
 []


LaTeX Warning: `h' float specifier changed to `ht'.


LaTeX Warning: `!h' float specifier changed to `!ht'.

[20

 <./Himalia/RA.png>] [21 <./Himalia/RA_anom.png>] [22 <./Himalia/DEC.png> <./Hi
malia/DEC_anom.png>] <Lysithea/RA.png, id=137, 948.9051pt x 413.3844pt>
File: Lysithea/RA.png Graphic file (type png)

<use Lysithea/RA.png>
Overfull \hbox (67.00336pt too wide) in paragraph at lines 542--543
[][] 
 []

<Lysithea/RA_anom.png, id=138, 959.7456pt x 413.3844pt>
File: Lysithea/RA_anom.png Graphic file (type png)

<use Lysithea/RA_anom.png>
Overfull \hbox (71.88153pt too wide) in paragraph at lines 547--548
[][] 
 []


LaTeX Warning: `h' float specifier changed to `ht'.

[23

 <./Lysithea/RA.png>] <Lysithea/DEC.png, id=143, 948.9051pt x 413.3844pt>
File: Lysithea/DEC.png Graphic file (type png)

<use Lysithea/DEC.png>
Overfull \hbox (67.00336pt too wide) in paragraph at lines 576--577
[][] 
 []

<Lysithea/DEC_anom.png, id=144, 959.7456pt x 413.3844pt>
File: Lysithea/DEC_anom.png Graphic file (type png)

<use Lysithea/DEC_anom.png>
Overfull \hbox (71.88153pt too wide) in paragraph at lines 581--582
[][] 
 []


LaTeX Warning: `h' float specifier changed to `ht'.


LaTeX Warning: `!h' float specifier changed to `!ht'.

[24 <./Lysithea/RA_anom.png> <./Lysithea/DEC.png>] [25 <./Lysithea/DEC_anom.png
>] <Phoebe/RA.png, id=155, 948.9051pt x 413.3844pt>
File: Phoebe/RA.png Graphic file (type png)
 <use Phoebe/RA.png>
Overfull \hbox (67.00336pt too wide) in paragraph at lines 614--615
[][] 
 []

<Phoebe/RA_anom.png, id=156, 959.7456pt x 413.3844pt>
File: Phoebe/RA_anom.png Graphic file (type png)
 <use Phoebe/RA_anom.png>
Overfull \hbox (71.88153pt too wide) in paragraph at lines 619--620
[][] 
 []


LaTeX Warning: `h' float specifier changed to `ht'.

<Phoebe/DEC.png, id=157, 948.9051pt x 413.3844pt>
File: Phoebe/DEC.png Graphic file (type png)
 <use Phoebe/DEC.png>
Overfull \hbox (67.00336pt too wide) in paragraph at lines 648--649
[][] 
 []

[26

 <./Phoebe/RA.png>] <Phoebe/DEC_anom.png, id=162, 959.7456pt x 413.3844pt>
File: Phoebe/DEC_anom.png Graphic file (type png)

<use Phoebe/DEC_anom.png>
Overfull \hbox (71.88153pt too wide) in paragraph at lines 653--654
[][] 
 []


LaTeX Warning: `h' float specifier changed to `ht'.


LaTeX Warning: `!h' float specifier changed to `!ht'.

[27 <./Phoebe/RA_anom.png> <./Phoebe/DEC.png>] [28 <./Phoebe/DEC_anom.png>]
<Nereida/RA.png, id=172, 948.9051pt x 413.3844pt>
File: Nereida/RA.png Graphic file (type png)
 <use Nereida/RA.png>
Overfull \hbox (67.00336pt too wide) in paragraph at lines 686--687
[][] 
 []

<Nereida/RA_anom.png, id=173, 959.7456pt x 413.3844pt>
File: Nereida/RA_anom.png Graphic file (type png)

<use Nereida/RA_anom.png>
Overfull \hbox (71.88153pt too wide) in paragraph at lines 691--692
[][] 
 []


LaTeX Warning: `h' float specifier changed to `ht'.

<Nereida/DEC.png, id=174, 948.9051pt x 413.3844pt>
File: Nereida/DEC.png Graphic file (type png)
 <use Nereida/DEC.png>
Overfull \hbox (67.00336pt too wide) in paragraph at lines 718--719
[][] 
 []


LaTeX Warning: `h' float specifier changed to `ht'.

<Nereida/DEC_anom.png, id=175, 959.7456pt x 413.3844pt>
File: Nereida/DEC_anom.png Graphic file (type png)

<use Nereida/DEC_anom.png>
Overfull \hbox (71.88153pt too wide) in paragraph at lines 723--724
[][] 
 []


LaTeX Warning: `h' float specifier changed to `ht'.

[29

 <./Nereida/RA.png>] [30 <./Nereida/RA_anom.png> <./Nereida/DEC.png>]
[31 <./Nereida/DEC_anom.png>] (./irregular_offset.aux)

LaTeX Warning: There were multiply-defined labels.

 ) 
Here is how much of TeX's memory you used:
 2742 strings out of 493848
 32379 string characters out of 1152823
 88919 words of memory out of 3000000
 5980 multiletter control sequences out of 15000+50000
 15912 words of font info for 46 fonts, out of 3000000 for 9000
 714 hyphenation exceptions out of 8191
 27i,9n,24p,631b,235s stack positions out of 5000i,500n,10000p,200000b,50000s
{/usr/share/texmf/fonts/enc/dvips/cm-super/cm-super-t1.enc}</usr/share/texmf-
texlive/fonts/type1/public/amsfonts/cm/cmex10.pfb></usr/share/texmf-texlive/fon
ts/type1/public/amsfonts/cm/cmmi10.pfb></usr/share/texmf-texlive/fonts/type1/pu
blic/amsfonts/cm/cmmi8.pfb></usr/share/texmf-texlive/fonts/type1/public/amsfont
s/cm/cmr10.pfb></usr/share/texmf-texlive/fonts/type1/public/amsfonts/cm/cmr8.pf
b></usr/share/texmf-texlive/fonts/type1/public/amsfonts/cm/cmsy10.pfb></usr/sha
re/texmf/fonts/type1/public/cm-super/sfbx1440.pfb></usr/share/texmf/fonts/type1
/public/cm-super/sfbx2488.pfb></usr/share/texmf/fonts/type1/public/cm-super/sfr
m1095.pfb></usr/share/texmf/fonts/type1/public/cm-super/sfrm1200.pfb></usr/shar
e/texmf/fonts/type1/public/cm-super/sfrm1728.pfb></usr/share/texmf/fonts/type1/
public/cm-super/sfti1095.pfb>
Output written on irregular_offset.pdf (32 pages, 1868297 bytes).
PDF statistics:
 229 PDF objects out of 1000 (max. 8388607)
 0 named destinations out of 1000 (max. 500000)
 186 words of extra memory for PDF output out of 10000 (max. 10000000)

